2025-06-23 09:10:59,386 - __main__ - INFO - API·şÎñÆ÷ÕıÔÚÆô¶¯£¬¼àÌı 0.0.0.0:5000
2025-06-23 09:10:59,399 - werkzeug - INFO - [31m[1mWARNING: This is a development server. Do not use it in a production deployment. Use a production WSGI server instead.[0m
 * Running on all addresses (0.0.0.0)
 * Running on http://127.0.0.1:5000
 * Running on http://172.16.100.56:5000
2025-06-23 09:10:59,400 - werkzeug - INFO - [33mPress CTRL+C to quit[0m
2025-06-23 09:11:38,314 - werkzeug - INFO - 172.16.100.56 - - [23/Jun/2025 09:11:38] "[33mGET / HTTP/1.1[0m" 404 -
2025-06-23 09:11:39,090 - werkzeug - INFO - 172.16.100.56 - - [23/Jun/2025 09:11:39] "[33mGET /favicon.ico HTTP/1.1[0m" 404 -
2025-06-23 09:12:19,868 - __main__ - ERROR - ´¦ÀíÅÀÈ¡ÇëÇóÊ±³ö´í: 415 Unsupported Media Type: Did not attempt to load JSON data because the request Content-Type was not 'application/json'.
2025-06-23 09:12:19,869 - werkzeug - INFO - 172.16.101.252 - - [23/Jun/2025 09:12:19] "[35m[1mPOST /api/crawl HTTP/1.1[0m" 500 -
2025-06-23 09:14:24,566 - werkzeug - INFO - 172.16.101.252 - - [23/Jun/2025 09:14:24] "POST /api/crawl HTTP/1.1" 200 -
2025-06-23 09:14:24,568 - data_processor - INFO - Êı¾İ´¦ÀíÆ÷³õÊ¼»¯£¬Êä³öÄ¿Â¼: ./output
2025-06-23 09:14:24,568 - main - INFO - ÅÀ³æÏµÍ³³õÊ¼»¯Íê³É
2025-06-23 09:14:24,569 - driver_manager - INFO - ³õÊ¼»¯DriverManager: chrome headless mode
2025-06-23 09:14:24,569 - driver_manager - INFO - ÕıÔÚÁ¬½ÓÔ¶³ÌWebDriver·şÎñ: http://172.16.101.252:4444/wd/hub
2025-06-23 09:14:24,569 - main - ERROR - ÅÀ³æÏµÍ³ÉèÖÃÊ§°Ü: __init__() got an unexpected keyword argument 'desired_capabilities'
2025-06-23 09:14:24,569 - main - INFO - ÅÀ³æÏµÍ³×ÊÔ´ÒÑÇåÀí
2025-06-23 09:14:24,569 - __main__ - ERROR - ÈÎÎñÖ´ĞĞÊ§°Ü: __init__() got an unexpected keyword argument 'desired_capabilities'
2025-06-23 09:14:24,570 - main - INFO - ÅÀ³æÏµÍ³×ÊÔ´ÒÑÇåÀí
2025-06-23 09:15:07,725 - werkzeug - INFO - 172.16.101.252 - - [23/Jun/2025 09:15:07] "GET /api/tasks/1 HTTP/1.1" 200 -
2025-06-23 10:32:35,007 - __main__ - INFO - APIæœåŠ¡å™¨æ­£åœ¨å¯åŠ¨ï¼Œç›‘å¬ 0.0.0.0:5000
2025-06-23 10:32:35,008 - werkzeug - INFO - [31m[1mWARNING: This is a development server. Do not use it in a production deployment. Use a production WSGI server instead.[0m
 * Running on all addresses (0.0.0.0)
 * Running on http://127.0.0.1:5000
 * Running on http://172.16.101.252:5000
2025-06-23 10:32:35,008 - werkzeug - INFO - [33mPress CTRL+C to quit[0m
2025-06-23 10:32:39,310 - data_processor - INFO - æ•°æ®å¤„ç†å™¨åˆå§‹åŒ–ï¼Œè¾“å‡ºç›®å½•: ./output
2025-06-23 10:32:39,310 - main - INFO - çˆ¬è™«ç³»ç»Ÿåˆå§‹åŒ–å®Œæˆ
2025-06-23 10:32:39,310 - driver_manager - INFO - åˆå§‹åŒ–DriverManager: chrome headless mode
2025-06-23 10:32:39,310 - driver_manager - INFO - æ­£åœ¨è¿æ¥è¿œç¨‹WebDriveræœåŠ¡: http://172.16.101.252:4444/wd/hub
2025-06-23 10:32:39,912 - driver_manager - INFO - WebDriveråˆ›å»ºæˆåŠŸ: chrome
2025-06-23 10:32:39,912 - main - INFO - çˆ¬è™«ç³»ç»Ÿè®¾ç½®å®Œæˆ
2025-06-23 10:32:39,912 - page_scraper - INFO - å¼€å§‹çˆ¬å–é¡µé¢: https://www.163.com/tech/article/K2NOJDDM00097U7T.html
2025-06-23 10:32:43,553 - page_scraper - ERROR - æå–é¡µé¢å†…å®¹æ—¶å‡ºé”™: Message: invalid selector: The result of the xpath expression "//*[not(self::script or self::style)]/text()[normalize-space()]" is: [object Text]. It should be an element.
  (Session info: chrome=135.0.7049.84); For documentation on this error, please visit: https://www.selenium.dev/documentation/webdriver/troubleshooting/errors#invalid-selector-exception
Stacktrace:
#0 0x55bc0f9fed0a <unknown>
#1 0x55bc0f4af5f0 <unknown>
#2 0x55bc0f4b6216 <unknown>
#3 0x55bc0f4b8a88 <unknown>
#4 0x55bc0f4b8b13 <unknown>
#5 0x55bc0f500465 <unknown>
#6 0x55bc0f500c21 <unknown>
#7 0x55bc0f54f2b1 <unknown>
#8 0x55bc0f52668d <unknown>
#9 0x55bc0f54c660 <unknown>
#10 0x55bc0f526433 <unknown>
#11 0x55bc0f4f2ea3 <unknown>
#12 0x55bc0f4f3b01 <unknown>
#13 0x55bc0f9c3b5b <unknown>
#14 0x55bc0f9c7a41 <unknown>
#15 0x55bc0f9aac52 <unknown>
#16 0x55bc0f9c85b4 <unknown>
#17 0x55bc0f98ef0f <unknown>
#18 0x55bc0f9ecdb8 <unknown>
#19 0x55bc0f9ecf96 <unknown>
#20 0x55bc0f9fdb56 <unknown>
#21 0x7fd9870c8aa4 <unknown>
#22 0x7fd987155a34 __clone

2025-06-23 10:32:43,553 - page_scraper - ERROR - çˆ¬å–é¡µé¢å¤±è´¥: https://www.163.com/tech/article/K2NOJDDM00097U7T.html, é”™è¯¯: æ— æ³•æå–é¡µé¢å†…å®¹: Message: invalid selector: The result of the xpath expression "//*[not(self::script or self::style)]/text()[normalize-space()]" is: [object Text]. It should be an element.
  (Session info: chrome=135.0.7049.84); For documentation on this error, please visit: https://www.selenium.dev/documentation/webdriver/troubleshooting/errors#invalid-selector-exception
Stacktrace:
#0 0x55bc0f9fed0a <unknown>
#1 0x55bc0f4af5f0 <unknown>
#2 0x55bc0f4b6216 <unknown>
#3 0x55bc0f4b8a88 <unknown>
#4 0x55bc0f4b8b13 <unknown>
#5 0x55bc0f500465 <unknown>
#6 0x55bc0f500c21 <unknown>
#7 0x55bc0f54f2b1 <unknown>
#8 0x55bc0f52668d <unknown>
#9 0x55bc0f54c660 <unknown>
#10 0x55bc0f526433 <unknown>
#11 0x55bc0f4f2ea3 <unknown>
#12 0x55bc0f4f3b01 <unknown>
#13 0x55bc0f9c3b5b <unknown>
#14 0x55bc0f9c7a41 <unknown>
#15 0x55bc0f9aac52 <unknown>
#16 0x55bc0f9c85b4 <unknown>
#17 0x55bc0f98ef0f <unknown>
#18 0x55bc0f9ecdb8 <unknown>
#19 0x55bc0f9ecf96 <unknown>
#20 0x55bc0f9fdb56 <unknown>
#21 0x7fd9870c8aa4 <unknown>
#22 0x7fd987155a34 __clone

2025-06-23 10:32:43,553 - page_scraper - WARNING - Function scrape_page failed with çˆ¬å–é¡µé¢å¤±è´¥: æ— æ³•æå–é¡µé¢å†…å®¹: Message: invalid selector: The result of the xpath expression "//*[not(self::script or self::style)]/text()[normalize-space()]" is: [object Text]. It should be an element.
  (Session info: chrome=135.0.7049.84); For documentation on this error, please visit: https://www.selenium.dev/documentation/webdriver/troubleshooting/errors#invalid-selector-exception
Stacktrace:
#0 0x55bc0f9fed0a <unknown>
#1 0x55bc0f4af5f0 <unknown>
#2 0x55bc0f4b6216 <unknown>
#3 0x55bc0f4b8a88 <unknown>
#4 0x55bc0f4b8b13 <unknown>
#5 0x55bc0f500465 <unknown>
#6 0x55bc0f500c21 <unknown>
#7 0x55bc0f54f2b1 <unknown>
#8 0x55bc0f52668d <unknown>
#9 0x55bc0f54c660 <unknown>
#10 0x55bc0f526433 <unknown>
#11 0x55bc0f4f2ea3 <unknown>
#12 0x55bc0f4f3b01 <unknown>
#13 0x55bc0f9c3b5b <unknown>
#14 0x55bc0f9c7a41 <unknown>
#15 0x55bc0f9aac52 <unknown>
#16 0x55bc0f9c85b4 <unknown>
#17 0x55bc0f98ef0f <unknown>
#18 0x55bc0f9ecdb8 <unknown>
#19 0x55bc0f9ecf96 <unknown>
#20 0x55bc0f9fdb56 <unknown>
#21 0x7fd9870c8aa4 <unknown>
#22 0x7fd987155a34 __clone
. Retrying 1/3...
2025-06-23 10:32:44,554 - page_scraper - INFO - å¼€å§‹çˆ¬å–é¡µé¢: https://www.163.com/tech/article/K2NOJDDM00097U7T.html
2025-06-23 10:32:47,639 - page_scraper - ERROR - æå–é¡µé¢å†…å®¹æ—¶å‡ºé”™: Message: invalid selector: The result of the xpath expression "//*[not(self::script or self::style)]/text()[normalize-space()]" is: [object Text]. It should be an element.
  (Session info: chrome=135.0.7049.84); For documentation on this error, please visit: https://www.selenium.dev/documentation/webdriver/troubleshooting/errors#invalid-selector-exception
Stacktrace:
#0 0x55bc0f9fed0a <unknown>
#1 0x55bc0f4af5f0 <unknown>
#2 0x55bc0f4b6216 <unknown>
#3 0x55bc0f4b8a88 <unknown>
#4 0x55bc0f4b8b13 <unknown>
#5 0x55bc0f500465 <unknown>
#6 0x55bc0f500c21 <unknown>
#7 0x55bc0f54f2b1 <unknown>
#8 0x55bc0f52668d <unknown>
#9 0x55bc0f54c660 <unknown>
#10 0x55bc0f526433 <unknown>
#11 0x55bc0f4f2ea3 <unknown>
#12 0x55bc0f4f3b01 <unknown>
#13 0x55bc0f9c3b5b <unknown>
#14 0x55bc0f9c7a41 <unknown>
#15 0x55bc0f9aac52 <unknown>
#16 0x55bc0f9c85b4 <unknown>
#17 0x55bc0f98ef0f <unknown>
#18 0x55bc0f9ecdb8 <unknown>
#19 0x55bc0f9ecf96 <unknown>
#20 0x55bc0f9fdb56 <unknown>
#21 0x7fd9870c8aa4 <unknown>
#22 0x7fd987155a34 __clone

2025-06-23 10:32:47,639 - page_scraper - ERROR - çˆ¬å–é¡µé¢å¤±è´¥: https://www.163.com/tech/article/K2NOJDDM00097U7T.html, é”™è¯¯: æ— æ³•æå–é¡µé¢å†…å®¹: Message: invalid selector: The result of the xpath expression "//*[not(self::script or self::style)]/text()[normalize-space()]" is: [object Text]. It should be an element.
  (Session info: chrome=135.0.7049.84); For documentation on this error, please visit: https://www.selenium.dev/documentation/webdriver/troubleshooting/errors#invalid-selector-exception
Stacktrace:
#0 0x55bc0f9fed0a <unknown>
#1 0x55bc0f4af5f0 <unknown>
#2 0x55bc0f4b6216 <unknown>
#3 0x55bc0f4b8a88 <unknown>
#4 0x55bc0f4b8b13 <unknown>
#5 0x55bc0f500465 <unknown>
#6 0x55bc0f500c21 <unknown>
#7 0x55bc0f54f2b1 <unknown>
#8 0x55bc0f52668d <unknown>
#9 0x55bc0f54c660 <unknown>
#10 0x55bc0f526433 <unknown>
#11 0x55bc0f4f2ea3 <unknown>
#12 0x55bc0f4f3b01 <unknown>
#13 0x55bc0f9c3b5b <unknown>
#14 0x55bc0f9c7a41 <unknown>
#15 0x55bc0f9aac52 <unknown>
#16 0x55bc0f9c85b4 <unknown>
#17 0x55bc0f98ef0f <unknown>
#18 0x55bc0f9ecdb8 <unknown>
#19 0x55bc0f9ecf96 <unknown>
#20 0x55bc0f9fdb56 <unknown>
#21 0x7fd9870c8aa4 <unknown>
#22 0x7fd987155a34 __clone

2025-06-23 10:32:47,639 - page_scraper - WARNING - Function scrape_page failed with çˆ¬å–é¡µé¢å¤±è´¥: æ— æ³•æå–é¡µé¢å†…å®¹: Message: invalid selector: The result of the xpath expression "//*[not(self::script or self::style)]/text()[normalize-space()]" is: [object Text]. It should be an element.
  (Session info: chrome=135.0.7049.84); For documentation on this error, please visit: https://www.selenium.dev/documentation/webdriver/troubleshooting/errors#invalid-selector-exception
Stacktrace:
#0 0x55bc0f9fed0a <unknown>
#1 0x55bc0f4af5f0 <unknown>
#2 0x55bc0f4b6216 <unknown>
#3 0x55bc0f4b8a88 <unknown>
#4 0x55bc0f4b8b13 <unknown>
#5 0x55bc0f500465 <unknown>
#6 0x55bc0f500c21 <unknown>
#7 0x55bc0f54f2b1 <unknown>
#8 0x55bc0f52668d <unknown>
#9 0x55bc0f54c660 <unknown>
#10 0x55bc0f526433 <unknown>
#11 0x55bc0f4f2ea3 <unknown>
#12 0x55bc0f4f3b01 <unknown>
#13 0x55bc0f9c3b5b <unknown>
#14 0x55bc0f9c7a41 <unknown>
#15 0x55bc0f9aac52 <unknown>
#16 0x55bc0f9c85b4 <unknown>
#17 0x55bc0f98ef0f <unknown>
#18 0x55bc0f9ecdb8 <unknown>
#19 0x55bc0f9ecf96 <unknown>
#20 0x55bc0f9fdb56 <unknown>
#21 0x7fd9870c8aa4 <unknown>
#22 0x7fd987155a34 __clone
. Retrying 2/3...
2025-06-23 10:32:49,641 - page_scraper - INFO - å¼€å§‹çˆ¬å–é¡µé¢: https://www.163.com/tech/article/K2NOJDDM00097U7T.html
2025-06-23 10:32:51,761 - page_scraper - ERROR - æå–é¡µé¢å†…å®¹æ—¶å‡ºé”™: Message: invalid selector: The result of the xpath expression "//*[not(self::script or self::style)]/text()[normalize-space()]" is: [object Text]. It should be an element.
  (Session info: chrome=135.0.7049.84); For documentation on this error, please visit: https://www.selenium.dev/documentation/webdriver/troubleshooting/errors#invalid-selector-exception
Stacktrace:
#0 0x55bc0f9fed0a <unknown>
#1 0x55bc0f4af5f0 <unknown>
#2 0x55bc0f4b6216 <unknown>
#3 0x55bc0f4b8a88 <unknown>
#4 0x55bc0f4b8b13 <unknown>
#5 0x55bc0f500465 <unknown>
#6 0x55bc0f500c21 <unknown>
#7 0x55bc0f54f2b1 <unknown>
#8 0x55bc0f52668d <unknown>
#9 0x55bc0f54c660 <unknown>
#10 0x55bc0f526433 <unknown>
#11 0x55bc0f4f2ea3 <unknown>
#12 0x55bc0f4f3b01 <unknown>
#13 0x55bc0f9c3b5b <unknown>
#14 0x55bc0f9c7a41 <unknown>
#15 0x55bc0f9aac52 <unknown>
#16 0x55bc0f9c85b4 <unknown>
#17 0x55bc0f98ef0f <unknown>
#18 0x55bc0f9ecdb8 <unknown>
#19 0x55bc0f9ecf96 <unknown>
#20 0x55bc0f9fdb56 <unknown>
#21 0x7fd9870c8aa4 <unknown>
#22 0x7fd987155a34 __clone

2025-06-23 10:32:51,761 - page_scraper - ERROR - çˆ¬å–é¡µé¢å¤±è´¥: https://www.163.com/tech/article/K2NOJDDM00097U7T.html, é”™è¯¯: æ— æ³•æå–é¡µé¢å†…å®¹: Message: invalid selector: The result of the xpath expression "//*[not(self::script or self::style)]/text()[normalize-space()]" is: [object Text]. It should be an element.
  (Session info: chrome=135.0.7049.84); For documentation on this error, please visit: https://www.selenium.dev/documentation/webdriver/troubleshooting/errors#invalid-selector-exception
Stacktrace:
#0 0x55bc0f9fed0a <unknown>
#1 0x55bc0f4af5f0 <unknown>
#2 0x55bc0f4b6216 <unknown>
#3 0x55bc0f4b8a88 <unknown>
#4 0x55bc0f4b8b13 <unknown>
#5 0x55bc0f500465 <unknown>
#6 0x55bc0f500c21 <unknown>
#7 0x55bc0f54f2b1 <unknown>
#8 0x55bc0f52668d <unknown>
#9 0x55bc0f54c660 <unknown>
#10 0x55bc0f526433 <unknown>
#11 0x55bc0f4f2ea3 <unknown>
#12 0x55bc0f4f3b01 <unknown>
#13 0x55bc0f9c3b5b <unknown>
#14 0x55bc0f9c7a41 <unknown>
#15 0x55bc0f9aac52 <unknown>
#16 0x55bc0f9c85b4 <unknown>
#17 0x55bc0f98ef0f <unknown>
#18 0x55bc0f9ecdb8 <unknown>
#19 0x55bc0f9ecf96 <unknown>
#20 0x55bc0f9fdb56 <unknown>
#21 0x7fd9870c8aa4 <unknown>
#22 0x7fd987155a34 __clone

2025-06-23 10:32:51,761 - page_scraper - WARNING - Function scrape_page failed with çˆ¬å–é¡µé¢å¤±è´¥: æ— æ³•æå–é¡µé¢å†…å®¹: Message: invalid selector: The result of the xpath expression "//*[not(self::script or self::style)]/text()[normalize-space()]" is: [object Text]. It should be an element.
  (Session info: chrome=135.0.7049.84); For documentation on this error, please visit: https://www.selenium.dev/documentation/webdriver/troubleshooting/errors#invalid-selector-exception
Stacktrace:
#0 0x55bc0f9fed0a <unknown>
#1 0x55bc0f4af5f0 <unknown>
#2 0x55bc0f4b6216 <unknown>
#3 0x55bc0f4b8a88 <unknown>
#4 0x55bc0f4b8b13 <unknown>
#5 0x55bc0f500465 <unknown>
#6 0x55bc0f500c21 <unknown>
#7 0x55bc0f54f2b1 <unknown>
#8 0x55bc0f52668d <unknown>
#9 0x55bc0f54c660 <unknown>
#10 0x55bc0f526433 <unknown>
#11 0x55bc0f4f2ea3 <unknown>
#12 0x55bc0f4f3b01 <unknown>
#13 0x55bc0f9c3b5b <unknown>
#14 0x55bc0f9c7a41 <unknown>
#15 0x55bc0f9aac52 <unknown>
#16 0x55bc0f9c85b4 <unknown>
#17 0x55bc0f98ef0f <unknown>
#18 0x55bc0f9ecdb8 <unknown>
#19 0x55bc0f9ecf96 <unknown>
#20 0x55bc0f9fdb56 <unknown>
#21 0x7fd9870c8aa4 <unknown>
#22 0x7fd987155a34 __clone
. Retrying 3/3...
2025-06-23 10:32:54,764 - page_scraper - INFO - å¼€å§‹çˆ¬å–é¡µé¢: https://www.163.com/tech/article/K2NOJDDM00097U7T.html
2025-06-23 10:32:57,996 - page_scraper - ERROR - æå–é¡µé¢å†…å®¹æ—¶å‡ºé”™: Message: invalid selector: The result of the xpath expression "//*[not(self::script or self::style)]/text()[normalize-space()]" is: [object Text]. It should be an element.
  (Session info: chrome=135.0.7049.84); For documentation on this error, please visit: https://www.selenium.dev/documentation/webdriver/troubleshooting/errors#invalid-selector-exception
Stacktrace:
#0 0x55bc0f9fed0a <unknown>
#1 0x55bc0f4af5f0 <unknown>
#2 0x55bc0f4b6216 <unknown>
#3 0x55bc0f4b8a88 <unknown>
#4 0x55bc0f4b8b13 <unknown>
#5 0x55bc0f500465 <unknown>
#6 0x55bc0f500c21 <unknown>
#7 0x55bc0f54f2b1 <unknown>
#8 0x55bc0f52668d <unknown>
#9 0x55bc0f54c660 <unknown>
#10 0x55bc0f526433 <unknown>
#11 0x55bc0f4f2ea3 <unknown>
#12 0x55bc0f4f3b01 <unknown>
#13 0x55bc0f9c3b5b <unknown>
#14 0x55bc0f9c7a41 <unknown>
#15 0x55bc0f9aac52 <unknown>
#16 0x55bc0f9c85b4 <unknown>
#17 0x55bc0f98ef0f <unknown>
#18 0x55bc0f9ecdb8 <unknown>
#19 0x55bc0f9ecf96 <unknown>
#20 0x55bc0f9fdb56 <unknown>
#21 0x7fd9870c8aa4 <unknown>
#22 0x7fd987155a34 __clone

2025-06-23 10:32:57,996 - page_scraper - ERROR - çˆ¬å–é¡µé¢å¤±è´¥: https://www.163.com/tech/article/K2NOJDDM00097U7T.html, é”™è¯¯: æ— æ³•æå–é¡µé¢å†…å®¹: Message: invalid selector: The result of the xpath expression "//*[not(self::script or self::style)]/text()[normalize-space()]" is: [object Text]. It should be an element.
  (Session info: chrome=135.0.7049.84); For documentation on this error, please visit: https://www.selenium.dev/documentation/webdriver/troubleshooting/errors#invalid-selector-exception
Stacktrace:
#0 0x55bc0f9fed0a <unknown>
#1 0x55bc0f4af5f0 <unknown>
#2 0x55bc0f4b6216 <unknown>
#3 0x55bc0f4b8a88 <unknown>
#4 0x55bc0f4b8b13 <unknown>
#5 0x55bc0f500465 <unknown>
#6 0x55bc0f500c21 <unknown>
#7 0x55bc0f54f2b1 <unknown>
#8 0x55bc0f52668d <unknown>
#9 0x55bc0f54c660 <unknown>
#10 0x55bc0f526433 <unknown>
#11 0x55bc0f4f2ea3 <unknown>
#12 0x55bc0f4f3b01 <unknown>
#13 0x55bc0f9c3b5b <unknown>
#14 0x55bc0f9c7a41 <unknown>
#15 0x55bc0f9aac52 <unknown>
#16 0x55bc0f9c85b4 <unknown>
#17 0x55bc0f98ef0f <unknown>
#18 0x55bc0f9ecdb8 <unknown>
#19 0x55bc0f9ecf96 <unknown>
#20 0x55bc0f9fdb56 <unknown>
#21 0x7fd9870c8aa4 <unknown>
#22 0x7fd987155a34 __clone

2025-06-23 10:32:57,996 - page_scraper - ERROR - Function scrape_page failed after 3 retries. Last error: çˆ¬å–é¡µé¢å¤±è´¥: æ— æ³•æå–é¡µé¢å†…å®¹: Message: invalid selector: The result of the xpath expression "//*[not(self::script or self::style)]/text()[normalize-space()]" is: [object Text]. It should be an element.
  (Session info: chrome=135.0.7049.84); For documentation on this error, please visit: https://www.selenium.dev/documentation/webdriver/troubleshooting/errors#invalid-selector-exception
Stacktrace:
#0 0x55bc0f9fed0a <unknown>
#1 0x55bc0f4af5f0 <unknown>
#2 0x55bc0f4b6216 <unknown>
#3 0x55bc0f4b8a88 <unknown>
#4 0x55bc0f4b8b13 <unknown>
#5 0x55bc0f500465 <unknown>
#6 0x55bc0f500c21 <unknown>
#7 0x55bc0f54f2b1 <unknown>
#8 0x55bc0f52668d <unknown>
#9 0x55bc0f54c660 <unknown>
#10 0x55bc0f526433 <unknown>
#11 0x55bc0f4f2ea3 <unknown>
#12 0x55bc0f4f3b01 <unknown>
#13 0x55bc0f9c3b5b <unknown>
#14 0x55bc0f9c7a41 <unknown>
#15 0x55bc0f9aac52 <unknown>
#16 0x55bc0f9c85b4 <unknown>
#17 0x55bc0f98ef0f <unknown>
#18 0x55bc0f9ecdb8 <unknown>
#19 0x55bc0f9ecf96 <unknown>
#20 0x55bc0f9fdb56 <unknown>
#21 0x7fd9870c8aa4 <unknown>
#22 0x7fd987155a34 __clone

2025-06-23 10:32:57,996 - page_scraper - ERROR - å¤„ç†åˆ†é¡µæ—¶å‡ºé”™: çˆ¬å–é¡µé¢å¤±è´¥: æ— æ³•æå–é¡µé¢å†…å®¹: Message: invalid selector: The result of the xpath expression "//*[not(self::script or self::style)]/text()[normalize-space()]" is: [object Text]. It should be an element.
  (Session info: chrome=135.0.7049.84); For documentation on this error, please visit: https://www.selenium.dev/documentation/webdriver/troubleshooting/errors#invalid-selector-exception
Stacktrace:
#0 0x55bc0f9fed0a <unknown>
#1 0x55bc0f4af5f0 <unknown>
#2 0x55bc0f4b6216 <unknown>
#3 0x55bc0f4b8a88 <unknown>
#4 0x55bc0f4b8b13 <unknown>
#5 0x55bc0f500465 <unknown>
#6 0x55bc0f500c21 <unknown>
#7 0x55bc0f54f2b1 <unknown>
#8 0x55bc0f52668d <unknown>
#9 0x55bc0f54c660 <unknown>
#10 0x55bc0f526433 <unknown>
#11 0x55bc0f4f2ea3 <unknown>
#12 0x55bc0f4f3b01 <unknown>
#13 0x55bc0f9c3b5b <unknown>
#14 0x55bc0f9c7a41 <unknown>
#15 0x55bc0f9aac52 <unknown>
#16 0x55bc0f9c85b4 <unknown>
#17 0x55bc0f98ef0f <unknown>
#18 0x55bc0f9ecdb8 <unknown>
#19 0x55bc0f9ecf96 <unknown>
#20 0x55bc0f9fdb56 <unknown>
#21 0x7fd9870c8aa4 <unknown>
#22 0x7fd987155a34 __clone

2025-06-23 10:32:57,997 - page_scraper - INFO - åˆ†é¡µçˆ¬å–å®Œæˆï¼Œå…±çˆ¬å– 0 é¡µ
2025-06-23 10:32:57,997 - driver_manager - INFO - æ­£åœ¨å…³é—­WebDriver
2025-06-23 10:32:58,086 - main - INFO - çˆ¬è™«ç³»ç»Ÿèµ„æºå·²æ¸…ç†
2025-06-23 10:32:58,087 - werkzeug - INFO - 127.0.0.1 - - [23/Jun/2025 10:32:58] "[33mPOST /api/extract HTTP/1.1[0m" 404 -
2025-06-23 10:33:38,710 - data_processor - INFO - æ•°æ®å¤„ç†å™¨åˆå§‹åŒ–ï¼Œè¾“å‡ºç›®å½•: ./output
2025-06-23 10:33:38,710 - main - INFO - çˆ¬è™«ç³»ç»Ÿåˆå§‹åŒ–å®Œæˆ
2025-06-23 10:33:38,710 - driver_manager - INFO - åˆå§‹åŒ–DriverManager: chrome headless mode
2025-06-23 10:33:38,710 - driver_manager - INFO - æ­£åœ¨è¿æ¥è¿œç¨‹WebDriveræœåŠ¡: http://172.16.101.252:4444/wd/hub
2025-06-23 10:33:39,216 - driver_manager - INFO - WebDriveråˆ›å»ºæˆåŠŸ: chrome
2025-06-23 10:33:39,216 - main - INFO - çˆ¬è™«ç³»ç»Ÿè®¾ç½®å®Œæˆ
2025-06-23 10:33:39,216 - page_scraper - INFO - å¼€å§‹çˆ¬å–é¡µé¢: https://www.163.com/tech/article/K2NOJDDM00097U7T.html
2025-06-23 10:33:42,501 - page_scraper - ERROR - æå–é¡µé¢å†…å®¹æ—¶å‡ºé”™: Message: invalid selector: The result of the xpath expression "//*[not(self::script or self::style)]/text()[normalize-space()]" is: [object Text]. It should be an element.
  (Session info: chrome=135.0.7049.84); For documentation on this error, please visit: https://www.selenium.dev/documentation/webdriver/troubleshooting/errors#invalid-selector-exception
Stacktrace:
#0 0x55767edffd0a <unknown>
#1 0x55767e8b05f0 <unknown>
#2 0x55767e8b7216 <unknown>
#3 0x55767e8b9a88 <unknown>
#4 0x55767e8b9b13 <unknown>
#5 0x55767e901465 <unknown>
#6 0x55767e901c21 <unknown>
#7 0x55767e9502b1 <unknown>
#8 0x55767e92768d <unknown>
#9 0x55767e94d660 <unknown>
#10 0x55767e927433 <unknown>
#11 0x55767e8f3ea3 <unknown>
#12 0x55767e8f4b01 <unknown>
#13 0x55767edc4b5b <unknown>
#14 0x55767edc8a41 <unknown>
#15 0x55767edabc52 <unknown>
#16 0x55767edc95b4 <unknown>
#17 0x55767ed8ff0f <unknown>
#18 0x55767ededdb8 <unknown>
#19 0x55767ededf96 <unknown>
#20 0x55767edfeb56 <unknown>
#21 0x7fefe4326aa4 <unknown>
#22 0x7fefe43b3a34 __clone

2025-06-23 10:33:42,501 - page_scraper - ERROR - çˆ¬å–é¡µé¢å¤±è´¥: https://www.163.com/tech/article/K2NOJDDM00097U7T.html, é”™è¯¯: æ— æ³•æå–é¡µé¢å†…å®¹: Message: invalid selector: The result of the xpath expression "//*[not(self::script or self::style)]/text()[normalize-space()]" is: [object Text]. It should be an element.
  (Session info: chrome=135.0.7049.84); For documentation on this error, please visit: https://www.selenium.dev/documentation/webdriver/troubleshooting/errors#invalid-selector-exception
Stacktrace:
#0 0x55767edffd0a <unknown>
#1 0x55767e8b05f0 <unknown>
#2 0x55767e8b7216 <unknown>
#3 0x55767e8b9a88 <unknown>
#4 0x55767e8b9b13 <unknown>
#5 0x55767e901465 <unknown>
#6 0x55767e901c21 <unknown>
#7 0x55767e9502b1 <unknown>
#8 0x55767e92768d <unknown>
#9 0x55767e94d660 <unknown>
#10 0x55767e927433 <unknown>
#11 0x55767e8f3ea3 <unknown>
#12 0x55767e8f4b01 <unknown>
#13 0x55767edc4b5b <unknown>
#14 0x55767edc8a41 <unknown>
#15 0x55767edabc52 <unknown>
#16 0x55767edc95b4 <unknown>
#17 0x55767ed8ff0f <unknown>
#18 0x55767ededdb8 <unknown>
#19 0x55767ededf96 <unknown>
#20 0x55767edfeb56 <unknown>
#21 0x7fefe4326aa4 <unknown>
#22 0x7fefe43b3a34 __clone

2025-06-23 10:33:42,502 - page_scraper - WARNING - Function scrape_page failed with çˆ¬å–é¡µé¢å¤±è´¥: æ— æ³•æå–é¡µé¢å†…å®¹: Message: invalid selector: The result of the xpath expression "//*[not(self::script or self::style)]/text()[normalize-space()]" is: [object Text]. It should be an element.
  (Session info: chrome=135.0.7049.84); For documentation on this error, please visit: https://www.selenium.dev/documentation/webdriver/troubleshooting/errors#invalid-selector-exception
Stacktrace:
#0 0x55767edffd0a <unknown>
#1 0x55767e8b05f0 <unknown>
#2 0x55767e8b7216 <unknown>
#3 0x55767e8b9a88 <unknown>
#4 0x55767e8b9b13 <unknown>
#5 0x55767e901465 <unknown>
#6 0x55767e901c21 <unknown>
#7 0x55767e9502b1 <unknown>
#8 0x55767e92768d <unknown>
#9 0x55767e94d660 <unknown>
#10 0x55767e927433 <unknown>
#11 0x55767e8f3ea3 <unknown>
#12 0x55767e8f4b01 <unknown>
#13 0x55767edc4b5b <unknown>
#14 0x55767edc8a41 <unknown>
#15 0x55767edabc52 <unknown>
#16 0x55767edc95b4 <unknown>
#17 0x55767ed8ff0f <unknown>
#18 0x55767ededdb8 <unknown>
#19 0x55767ededf96 <unknown>
#20 0x55767edfeb56 <unknown>
#21 0x7fefe4326aa4 <unknown>
#22 0x7fefe43b3a34 __clone
. Retrying 1/3...
2025-06-23 10:33:43,502 - page_scraper - INFO - å¼€å§‹çˆ¬å–é¡µé¢: https://www.163.com/tech/article/K2NOJDDM00097U7T.html
2025-06-23 10:33:46,311 - page_scraper - ERROR - æå–é¡µé¢å†…å®¹æ—¶å‡ºé”™: Message: invalid selector: The result of the xpath expression "//*[not(self::script or self::style)]/text()[normalize-space()]" is: [object Text]. It should be an element.
  (Session info: chrome=135.0.7049.84); For documentation on this error, please visit: https://www.selenium.dev/documentation/webdriver/troubleshooting/errors#invalid-selector-exception
Stacktrace:
#0 0x55767edffd0a <unknown>
#1 0x55767e8b05f0 <unknown>
#2 0x55767e8b7216 <unknown>
#3 0x55767e8b9a88 <unknown>
#4 0x55767e8b9b13 <unknown>
#5 0x55767e901465 <unknown>
#6 0x55767e901c21 <unknown>
#7 0x55767e9502b1 <unknown>
#8 0x55767e92768d <unknown>
#9 0x55767e94d660 <unknown>
#10 0x55767e927433 <unknown>
#11 0x55767e8f3ea3 <unknown>
#12 0x55767e8f4b01 <unknown>
#13 0x55767edc4b5b <unknown>
#14 0x55767edc8a41 <unknown>
#15 0x55767edabc52 <unknown>
#16 0x55767edc95b4 <unknown>
#17 0x55767ed8ff0f <unknown>
#18 0x55767ededdb8 <unknown>
#19 0x55767ededf96 <unknown>
#20 0x55767edfeb56 <unknown>
#21 0x7fefe4326aa4 <unknown>
#22 0x7fefe43b3a34 __clone

2025-06-23 10:33:46,311 - page_scraper - ERROR - çˆ¬å–é¡µé¢å¤±è´¥: https://www.163.com/tech/article/K2NOJDDM00097U7T.html, é”™è¯¯: æ— æ³•æå–é¡µé¢å†…å®¹: Message: invalid selector: The result of the xpath expression "//*[not(self::script or self::style)]/text()[normalize-space()]" is: [object Text]. It should be an element.
  (Session info: chrome=135.0.7049.84); For documentation on this error, please visit: https://www.selenium.dev/documentation/webdriver/troubleshooting/errors#invalid-selector-exception
Stacktrace:
#0 0x55767edffd0a <unknown>
#1 0x55767e8b05f0 <unknown>
#2 0x55767e8b7216 <unknown>
#3 0x55767e8b9a88 <unknown>
#4 0x55767e8b9b13 <unknown>
#5 0x55767e901465 <unknown>
#6 0x55767e901c21 <unknown>
#7 0x55767e9502b1 <unknown>
#8 0x55767e92768d <unknown>
#9 0x55767e94d660 <unknown>
#10 0x55767e927433 <unknown>
#11 0x55767e8f3ea3 <unknown>
#12 0x55767e8f4b01 <unknown>
#13 0x55767edc4b5b <unknown>
#14 0x55767edc8a41 <unknown>
#15 0x55767edabc52 <unknown>
#16 0x55767edc95b4 <unknown>
#17 0x55767ed8ff0f <unknown>
#18 0x55767ededdb8 <unknown>
#19 0x55767ededf96 <unknown>
#20 0x55767edfeb56 <unknown>
#21 0x7fefe4326aa4 <unknown>
#22 0x7fefe43b3a34 __clone

2025-06-23 10:33:46,311 - page_scraper - WARNING - Function scrape_page failed with çˆ¬å–é¡µé¢å¤±è´¥: æ— æ³•æå–é¡µé¢å†…å®¹: Message: invalid selector: The result of the xpath expression "//*[not(self::script or self::style)]/text()[normalize-space()]" is: [object Text]. It should be an element.
  (Session info: chrome=135.0.7049.84); For documentation on this error, please visit: https://www.selenium.dev/documentation/webdriver/troubleshooting/errors#invalid-selector-exception
Stacktrace:
#0 0x55767edffd0a <unknown>
#1 0x55767e8b05f0 <unknown>
#2 0x55767e8b7216 <unknown>
#3 0x55767e8b9a88 <unknown>
#4 0x55767e8b9b13 <unknown>
#5 0x55767e901465 <unknown>
#6 0x55767e901c21 <unknown>
#7 0x55767e9502b1 <unknown>
#8 0x55767e92768d <unknown>
#9 0x55767e94d660 <unknown>
#10 0x55767e927433 <unknown>
#11 0x55767e8f3ea3 <unknown>
#12 0x55767e8f4b01 <unknown>
#13 0x55767edc4b5b <unknown>
#14 0x55767edc8a41 <unknown>
#15 0x55767edabc52 <unknown>
#16 0x55767edc95b4 <unknown>
#17 0x55767ed8ff0f <unknown>
#18 0x55767ededdb8 <unknown>
#19 0x55767ededf96 <unknown>
#20 0x55767edfeb56 <unknown>
#21 0x7fefe4326aa4 <unknown>
#22 0x7fefe43b3a34 __clone
. Retrying 2/3...
2025-06-23 10:33:48,313 - page_scraper - INFO - å¼€å§‹çˆ¬å–é¡µé¢: https://www.163.com/tech/article/K2NOJDDM00097U7T.html
2025-06-23 10:33:50,793 - page_scraper - ERROR - æå–é¡µé¢å†…å®¹æ—¶å‡ºé”™: Message: invalid selector: The result of the xpath expression "//*[not(self::script or self::style)]/text()[normalize-space()]" is: [object Text]. It should be an element.
  (Session info: chrome=135.0.7049.84); For documentation on this error, please visit: https://www.selenium.dev/documentation/webdriver/troubleshooting/errors#invalid-selector-exception
Stacktrace:
#0 0x55767edffd0a <unknown>
#1 0x55767e8b05f0 <unknown>
#2 0x55767e8b7216 <unknown>
#3 0x55767e8b9a88 <unknown>
#4 0x55767e8b9b13 <unknown>
#5 0x55767e901465 <unknown>
#6 0x55767e901c21 <unknown>
#7 0x55767e9502b1 <unknown>
#8 0x55767e92768d <unknown>
#9 0x55767e94d660 <unknown>
#10 0x55767e927433 <unknown>
#11 0x55767e8f3ea3 <unknown>
#12 0x55767e8f4b01 <unknown>
#13 0x55767edc4b5b <unknown>
#14 0x55767edc8a41 <unknown>
#15 0x55767edabc52 <unknown>
#16 0x55767edc95b4 <unknown>
#17 0x55767ed8ff0f <unknown>
#18 0x55767ededdb8 <unknown>
#19 0x55767ededf96 <unknown>
#20 0x55767edfeb56 <unknown>
#21 0x7fefe4326aa4 <unknown>
#22 0x7fefe43b3a34 __clone

2025-06-23 10:33:50,793 - page_scraper - ERROR - çˆ¬å–é¡µé¢å¤±è´¥: https://www.163.com/tech/article/K2NOJDDM00097U7T.html, é”™è¯¯: æ— æ³•æå–é¡µé¢å†…å®¹: Message: invalid selector: The result of the xpath expression "//*[not(self::script or self::style)]/text()[normalize-space()]" is: [object Text]. It should be an element.
  (Session info: chrome=135.0.7049.84); For documentation on this error, please visit: https://www.selenium.dev/documentation/webdriver/troubleshooting/errors#invalid-selector-exception
Stacktrace:
#0 0x55767edffd0a <unknown>
#1 0x55767e8b05f0 <unknown>
#2 0x55767e8b7216 <unknown>
#3 0x55767e8b9a88 <unknown>
#4 0x55767e8b9b13 <unknown>
#5 0x55767e901465 <unknown>
#6 0x55767e901c21 <unknown>
#7 0x55767e9502b1 <unknown>
#8 0x55767e92768d <unknown>
#9 0x55767e94d660 <unknown>
#10 0x55767e927433 <unknown>
#11 0x55767e8f3ea3 <unknown>
#12 0x55767e8f4b01 <unknown>
#13 0x55767edc4b5b <unknown>
#14 0x55767edc8a41 <unknown>
#15 0x55767edabc52 <unknown>
#16 0x55767edc95b4 <unknown>
#17 0x55767ed8ff0f <unknown>
#18 0x55767ededdb8 <unknown>
#19 0x55767ededf96 <unknown>
#20 0x55767edfeb56 <unknown>
#21 0x7fefe4326aa4 <unknown>
#22 0x7fefe43b3a34 __clone

2025-06-23 10:33:50,793 - page_scraper - WARNING - Function scrape_page failed with çˆ¬å–é¡µé¢å¤±è´¥: æ— æ³•æå–é¡µé¢å†…å®¹: Message: invalid selector: The result of the xpath expression "//*[not(self::script or self::style)]/text()[normalize-space()]" is: [object Text]. It should be an element.
  (Session info: chrome=135.0.7049.84); For documentation on this error, please visit: https://www.selenium.dev/documentation/webdriver/troubleshooting/errors#invalid-selector-exception
Stacktrace:
#0 0x55767edffd0a <unknown>
#1 0x55767e8b05f0 <unknown>
#2 0x55767e8b7216 <unknown>
#3 0x55767e8b9a88 <unknown>
#4 0x55767e8b9b13 <unknown>
#5 0x55767e901465 <unknown>
#6 0x55767e901c21 <unknown>
#7 0x55767e9502b1 <unknown>
#8 0x55767e92768d <unknown>
#9 0x55767e94d660 <unknown>
#10 0x55767e927433 <unknown>
#11 0x55767e8f3ea3 <unknown>
#12 0x55767e8f4b01 <unknown>
#13 0x55767edc4b5b <unknown>
#14 0x55767edc8a41 <unknown>
#15 0x55767edabc52 <unknown>
#16 0x55767edc95b4 <unknown>
#17 0x55767ed8ff0f <unknown>
#18 0x55767ededdb8 <unknown>
#19 0x55767ededf96 <unknown>
#20 0x55767edfeb56 <unknown>
#21 0x7fefe4326aa4 <unknown>
#22 0x7fefe43b3a34 __clone
. Retrying 3/3...
2025-06-23 10:33:53,795 - page_scraper - INFO - å¼€å§‹çˆ¬å–é¡µé¢: https://www.163.com/tech/article/K2NOJDDM00097U7T.html
2025-06-23 10:33:56,020 - page_scraper - ERROR - æå–é¡µé¢å†…å®¹æ—¶å‡ºé”™: Message: invalid selector: The result of the xpath expression "//*[not(self::script or self::style)]/text()[normalize-space()]" is: [object Text]. It should be an element.
  (Session info: chrome=135.0.7049.84); For documentation on this error, please visit: https://www.selenium.dev/documentation/webdriver/troubleshooting/errors#invalid-selector-exception
Stacktrace:
#0 0x55767edffd0a <unknown>
#1 0x55767e8b05f0 <unknown>
#2 0x55767e8b7216 <unknown>
#3 0x55767e8b9a88 <unknown>
#4 0x55767e8b9b13 <unknown>
#5 0x55767e901465 <unknown>
#6 0x55767e901c21 <unknown>
#7 0x55767e9502b1 <unknown>
#8 0x55767e92768d <unknown>
#9 0x55767e94d660 <unknown>
#10 0x55767e927433 <unknown>
#11 0x55767e8f3ea3 <unknown>
#12 0x55767e8f4b01 <unknown>
#13 0x55767edc4b5b <unknown>
#14 0x55767edc8a41 <unknown>
#15 0x55767edabc52 <unknown>
#16 0x55767edc95b4 <unknown>
#17 0x55767ed8ff0f <unknown>
#18 0x55767ededdb8 <unknown>
#19 0x55767ededf96 <unknown>
#20 0x55767edfeb56 <unknown>
#21 0x7fefe4326aa4 <unknown>
#22 0x7fefe43b3a34 __clone

2025-06-23 10:33:56,020 - page_scraper - ERROR - çˆ¬å–é¡µé¢å¤±è´¥: https://www.163.com/tech/article/K2NOJDDM00097U7T.html, é”™è¯¯: æ— æ³•æå–é¡µé¢å†…å®¹: Message: invalid selector: The result of the xpath expression "//*[not(self::script or self::style)]/text()[normalize-space()]" is: [object Text]. It should be an element.
  (Session info: chrome=135.0.7049.84); For documentation on this error, please visit: https://www.selenium.dev/documentation/webdriver/troubleshooting/errors#invalid-selector-exception
Stacktrace:
#0 0x55767edffd0a <unknown>
#1 0x55767e8b05f0 <unknown>
#2 0x55767e8b7216 <unknown>
#3 0x55767e8b9a88 <unknown>
#4 0x55767e8b9b13 <unknown>
#5 0x55767e901465 <unknown>
#6 0x55767e901c21 <unknown>
#7 0x55767e9502b1 <unknown>
#8 0x55767e92768d <unknown>
#9 0x55767e94d660 <unknown>
#10 0x55767e927433 <unknown>
#11 0x55767e8f3ea3 <unknown>
#12 0x55767e8f4b01 <unknown>
#13 0x55767edc4b5b <unknown>
#14 0x55767edc8a41 <unknown>
#15 0x55767edabc52 <unknown>
#16 0x55767edc95b4 <unknown>
#17 0x55767ed8ff0f <unknown>
#18 0x55767ededdb8 <unknown>
#19 0x55767ededf96 <unknown>
#20 0x55767edfeb56 <unknown>
#21 0x7fefe4326aa4 <unknown>
#22 0x7fefe43b3a34 __clone

2025-06-23 10:33:56,020 - page_scraper - ERROR - Function scrape_page failed after 3 retries. Last error: çˆ¬å–é¡µé¢å¤±è´¥: æ— æ³•æå–é¡µé¢å†…å®¹: Message: invalid selector: The result of the xpath expression "//*[not(self::script or self::style)]/text()[normalize-space()]" is: [object Text]. It should be an element.
  (Session info: chrome=135.0.7049.84); For documentation on this error, please visit: https://www.selenium.dev/documentation/webdriver/troubleshooting/errors#invalid-selector-exception
Stacktrace:
#0 0x55767edffd0a <unknown>
#1 0x55767e8b05f0 <unknown>
#2 0x55767e8b7216 <unknown>
#3 0x55767e8b9a88 <unknown>
#4 0x55767e8b9b13 <unknown>
#5 0x55767e901465 <unknown>
#6 0x55767e901c21 <unknown>
#7 0x55767e9502b1 <unknown>
#8 0x55767e92768d <unknown>
#9 0x55767e94d660 <unknown>
#10 0x55767e927433 <unknown>
#11 0x55767e8f3ea3 <unknown>
#12 0x55767e8f4b01 <unknown>
#13 0x55767edc4b5b <unknown>
#14 0x55767edc8a41 <unknown>
#15 0x55767edabc52 <unknown>
#16 0x55767edc95b4 <unknown>
#17 0x55767ed8ff0f <unknown>
#18 0x55767ededdb8 <unknown>
#19 0x55767ededf96 <unknown>
#20 0x55767edfeb56 <unknown>
#21 0x7fefe4326aa4 <unknown>
#22 0x7fefe43b3a34 __clone

2025-06-23 10:33:56,020 - page_scraper - ERROR - å¤„ç†åˆ†é¡µæ—¶å‡ºé”™: çˆ¬å–é¡µé¢å¤±è´¥: æ— æ³•æå–é¡µé¢å†…å®¹: Message: invalid selector: The result of the xpath expression "//*[not(self::script or self::style)]/text()[normalize-space()]" is: [object Text]. It should be an element.
  (Session info: chrome=135.0.7049.84); For documentation on this error, please visit: https://www.selenium.dev/documentation/webdriver/troubleshooting/errors#invalid-selector-exception
Stacktrace:
#0 0x55767edffd0a <unknown>
#1 0x55767e8b05f0 <unknown>
#2 0x55767e8b7216 <unknown>
#3 0x55767e8b9a88 <unknown>
#4 0x55767e8b9b13 <unknown>
#5 0x55767e901465 <unknown>
#6 0x55767e901c21 <unknown>
#7 0x55767e9502b1 <unknown>
#8 0x55767e92768d <unknown>
#9 0x55767e94d660 <unknown>
#10 0x55767e927433 <unknown>
#11 0x55767e8f3ea3 <unknown>
#12 0x55767e8f4b01 <unknown>
#13 0x55767edc4b5b <unknown>
#14 0x55767edc8a41 <unknown>
#15 0x55767edabc52 <unknown>
#16 0x55767edc95b4 <unknown>
#17 0x55767ed8ff0f <unknown>
#18 0x55767ededdb8 <unknown>
#19 0x55767ededf96 <unknown>
#20 0x55767edfeb56 <unknown>
#21 0x7fefe4326aa4 <unknown>
#22 0x7fefe43b3a34 __clone

2025-06-23 10:33:56,020 - page_scraper - INFO - åˆ†é¡µçˆ¬å–å®Œæˆï¼Œå…±çˆ¬å– 0 é¡µ
2025-06-23 10:33:56,020 - driver_manager - INFO - æ­£åœ¨å…³é—­WebDriver
2025-06-23 10:33:56,104 - main - INFO - çˆ¬è™«ç³»ç»Ÿèµ„æºå·²æ¸…ç†
2025-06-23 10:33:56,104 - werkzeug - INFO - 127.0.0.1 - - [23/Jun/2025 10:33:56] "[33mPOST /api/extract HTTP/1.1[0m" 404 -
2025-06-24 11:05:42,340 - api_server - INFO - APIæœåŠ¡å™¨æ­£åœ¨å¯åŠ¨ï¼Œç›‘å¬ 0.0.0.0:5008
2025-06-24 11:05:45,397 - api_server - INFO - APIæœåŠ¡å™¨æ­£åœ¨å¯åŠ¨ï¼Œç›‘å¬ 0.0.0.0:5009
2025-06-24 11:05:49,421 - api_server - INFO - APIæœåŠ¡å™¨æ­£åœ¨å¯åŠ¨ï¼Œç›‘å¬ 0.0.0.0:5010
2025-06-24 11:05:49,426 - werkzeug - INFO - [31m[1mWARNING: This is a development server. Do not use it in a production deployment. Use a production WSGI server instead.[0m
 * Running on all addresses (0.0.0.0)
 * Running on http://127.0.0.1:5010
 * Running on http://172.16.101.252:5010
2025-06-24 11:05:49,426 - werkzeug - INFO - [33mPress CTRL+C to quit[0m
